GROUP,PACKAGE,CLASS,INSTRUCTION_MISSED,INSTRUCTION_COVERED,BRANCH_MISSED,BRANCH_COVERED,LINE_MISSED,LINE_COVERED,COMPLEXITY_MISSED,COMPLEXITY_COVERED,METHOD_MISSED,METHOD_COVERED
com.cnu2016.assigment2,default,Status,9,29,0,0,0,2,2,2,2,2
com.cnu2016.assigment2,default,WaterHeater,6,0,0,0,3,0,1,0,1,0
com.cnu2016.assigment2,default,SmartHome,102,57,11,1,23,14,9,6,3,6
com.cnu2016.assigment2,default,CommonAppliance.new Comparator() {...},0,12,0,0,0,2,0,2,0,2
com.cnu2016.assigment2,default,CommonAppliance,26,58,1,3,6,18,4,8,3,7
com.cnu2016.assigment2,default,Event,8,15,0,0,4,6,2,3,2,3
com.cnu2016.assigment2,default,AirConditioner,0,10,0,0,0,4,0,1,0,1
com.cnu2016.assigment2,default,CookingOven,6,0,0,0,3,0,1,0,1,0
com.cnu2016.assigment2,default,Main,170,0,22,0,51,0,16,0,5,0
